Copyright 1986-2022 Xilinx, Inc. All Rights Reserved. Copyright 2022-2025 Advanced Micro Devices, Inc. All Rights Reserved.
---------------------------------------------------------------------------------------------------------------------------------------------
| Tool Version : Vivado v.2025.1 (lin64) Build 6140274 Wed May 21 22:58:25 MDT 2025
| Date         : Thu Dec  4 17:01:28 2025
| Host         : MBP running 64-bit Ubuntu 24.04.3 LTS
| Command      : report_control_sets -verbose -file top_control_sets_placed.rpt
| Design       : top
| Device       : xc7z007s
---------------------------------------------------------------------------------------------------------------------------------------------

Control Set Information

Table of Contents
-----------------
1. Summary
2. Histogram
3. Flip-Flop Distribution
4. Detailed Control Set Information

1. Summary
----------

+----------------------------------------------------------+-------+
|                          Status                          | Count |
+----------------------------------------------------------+-------+
| Total control sets                                       |     8 |
|    Minimum number of control sets                        |     8 |
|    Addition due to synthesis replication                 |     0 |
|    Addition due to physical synthesis replication        |     0 |
| Unused register locations in slices containing registers |    41 |
+----------------------------------------------------------+-------+
* Control sets can be merged at opt_design using control_set_merge or merge_equivalent_drivers
** Run report_qor_suggestions for automated merging and remapping suggestions


2. Histogram
------------

+--------------------+-------+
|       Fanout       | Count |
+--------------------+-------+
| Total control sets |     8 |
| >= 0 to < 4        |     3 |
| >= 4 to < 6        |     1 |
| >= 6 to < 8        |     0 |
| >= 8 to < 10       |     1 |
| >= 10 to < 12      |     2 |
| >= 12 to < 14      |     0 |
| >= 14 to < 16      |     0 |
| >= 16              |     1 |
+--------------------+-------+
* Control sets can be remapped at either synth_design or opt_design


3. Flip-Flop Distribution
-------------------------

+--------------+-----------------------+------------------------+-----------------+--------------+
| Clock Enable | Synchronous Set/Reset | Asynchronous Set/Reset | Total Registers | Total Slices |
+--------------+-----------------------+------------------------+-----------------+--------------+
| No           | No                    | No                     |               3 |            3 |
| No           | No                    | Yes                    |               0 |            0 |
| No           | Yes                   | No                     |              34 |           10 |
| Yes          | No                    | No                     |               6 |            3 |
| Yes          | No                    | Yes                    |               0 |            0 |
| Yes          | Yes                   | No                     |              20 |            5 |
+--------------+-----------------------+------------------------+-----------------+--------------+


4. Detailed Control Set Information
-----------------------------------

+----------------+---------------------------+-----------------------------------+------------------+----------------+--------------+
|  Clock Signal  |       Enable Signal       |          Set/Reset Signal         | Slice Load Count | Bel Load Count | Bels / Slice |
+----------------+---------------------------+-----------------------------------+------------------+----------------+--------------+
|  clk_IBUF_BUFG | debouncer_inst/data       |                                   |                1 |              1 |         1.00 |
|  clk_IBUF_BUFG | debouncer_inst/data2_out  |                                   |                1 |              1 |         1.00 |
|  clk_IBUF_BUFG |                           |                                   |                3 |              3 |         1.00 |
|  clk_IBUF_BUFG | led_shift                 |                                   |                1 |              4 |         4.00 |
|  clk_IBUF_BUFG |                           | pwm_inst/count[7]_i_1_n_0         |                2 |              8 |         4.00 |
|  clk_IBUF_BUFG | debouncer_inst/count[1]_1 | debouncer_inst/transitioning5_out |                2 |             10 |         5.00 |
|  clk_IBUF_BUFG | debouncer_inst/count[0]_0 | debouncer_inst/transitioning      |                3 |             10 |         3.33 |
|  clk_IBUF_BUFG |                           | led_shift                         |                8 |             26 |         3.25 |
+----------------+---------------------------+-----------------------------------+------------------+----------------+--------------+


